<?xml version="1.0" encoding="UTF-8"?>
<testng-results skipped="0" failed="0" total="1" passed="1">
  <reporter-output>
  </reporter-output>
  <suite name="Default suite" duration-ms="37392" started-at="2022-11-16T12:48:13Z" finished-at="2022-11-16T12:48:50Z">
    <groups>
    </groups>
    <test name="Default test" duration-ms="37392" started-at="2022-11-16T12:48:13Z" finished-at="2022-11-16T12:48:50Z">
      <class name="homeModule.TC_ID">
        <test-method status="PASS" signature="launchingBrowser()[pri:0, instance:homeModule.TC_ID@58ceff1]" test-instance-name="" name="launchingBrowser" is-config="true" duration-ms="5904" started-at="2022-11-16T18:18:07Z" finished-at="2022-11-16T18:18:13Z">
          <reporter-output>
          </reporter-output>
        </test-method> <!-- launchingBrowser -->
        <test-method status="PASS" signature="navigatingToApp()[pri:0, instance:homeModule.TC_ID@58ceff1]" test-instance-name="" name="navigatingToApp" is-config="true" duration-ms="7631" started-at="2022-11-16T18:18:13Z" finished-at="2022-11-16T18:18:21Z">
          <reporter-output>
          </reporter-output>
        </test-method> <!-- navigatingToApp -->
        <test-method status="PASS" signature="TestCaseDescription()[pri:0, instance:homeModule.TC_ID@58ceff1]" test-instance-name="" name="TestCaseDescription" duration-ms="29730" started-at="2022-11-16T18:18:21Z" finished-at="2022-11-16T18:18:50Z">
          <reporter-output>
          </reporter-output>
        </test-method> <!-- TestCaseDescription -->
        <test-method status="PASS" signature="CheckingFailure(org.testng.ITestResult)[pri:0, instance:homeModule.TC_ID@58ceff1]" test-instance-name="" name="CheckingFailure" is-config="true" duration-ms="8" started-at="2022-11-16T18:18:50Z" finished-at="2022-11-16T18:18:50Z">
          <params>
            <param index="0">
              <value>
                <![CDATA[[TestResult name="" status=SUCCESS method=TC_ID.TestCaseDescription()[pri:0, instance:homeModule.TC_ID@58ceff1] output={null}]]]>
              </value>
            </param>
          </params>
          <reporter-output>
          </reporter-output>
        </test-method> <!-- CheckingFailure -->
        <test-method status="PASS" signature="loggingOut()[pri:0, instance:homeModule.TC_ID@58ceff1]" test-instance-name="" name="loggingOut" is-config="true" duration-ms="0" started-at="2022-11-16T18:18:50Z" finished-at="2022-11-16T18:18:50Z">
          <reporter-output>
          </reporter-output>
        </test-method> <!-- loggingOut -->
        <test-method status="PASS" signature="treadOut()[pri:0, instance:homeModule.TC_ID@58ceff1]" test-instance-name="" name="treadOut" is-config="true" duration-ms="715" started-at="2022-11-16T18:18:50Z" finished-at="2022-11-16T18:18:51Z">
          <reporter-output>
          </reporter-output>
        </test-method> <!-- treadOut -->
      </class> <!-- homeModule.TC_ID -->
    </test> <!-- Default test -->
  </suite> <!-- Default suite -->
</testng-results>
